2025-10-28 06:30:58,930 CRIT Supervisor is running as root.  Privileges were not dropped because no user is specified in the config file.  If you intend to run as root, you can set user=root in the config file to avoid this message.
2025-10-28 06:30:58,959 INFO supervisord started with pid 1
2025-10-28 06:30:59,964 INFO spawned: 'cron' with pid 7
2025-10-28 06:31:00,968 INFO success: cron entered RUNNING state, process has stayed up for > than 1 seconds (startsecs)
2025-10-28 06:33:44,923 WARN received SIGTERM indicating exit request
2025-10-28 06:33:44,927 INFO waiting for cron to die
2025-10-28 06:33:44,928 WARN stopped: cron (terminated by SIGTERM)
2025-10-28 06:33:51,058 CRIT Supervisor is running as root.  Privileges were not dropped because no user is specified in the config file.  If you intend to run as root, you can set user=root in the config file to avoid this message.
2025-10-28 06:33:51,074 INFO supervisord started with pid 1
2025-10-28 06:33:52,082 INFO spawned: 'cron' with pid 7
2025-10-28 06:33:53,085 INFO success: cron entered RUNNING state, process has stayed up for > than 1 seconds (startsecs)
2025-10-28 06:33:58,012 WARN received SIGTERM indicating exit request
2025-10-28 06:33:58,013 INFO waiting for cron to die
2025-10-28 06:33:58,014 WARN stopped: cron (terminated by SIGTERM)
2025-10-28 06:35:20,578 CRIT Supervisor is running as root.  Privileges were not dropped because no user is specified in the config file.  If you intend to run as root, you can set user=root in the config file to avoid this message.
2025-10-28 06:35:20,587 INFO supervisord started with pid 1
2025-10-28 06:35:21,593 INFO spawned: 'cron' with pid 7
2025-10-28 06:35:22,599 INFO success: cron entered RUNNING state, process has stayed up for > than 1 seconds (startsecs)
2025-10-28 06:37:59,440 WARN received SIGTERM indicating exit request
2025-10-28 06:37:59,442 INFO waiting for cron to die
2025-10-28 06:37:59,442 WARN stopped: cron (terminated by SIGTERM)
2025-10-28 06:38:10,480 CRIT Supervisor is running as root.  Privileges were not dropped because no user is specified in the config file.  If you intend to run as root, you can set user=root in the config file to avoid this message.
2025-10-28 06:38:10,488 INFO supervisord started with pid 1
2025-10-28 06:38:11,494 INFO spawned: 'cron' with pid 7
2025-10-28 06:38:12,498 INFO success: cron entered RUNNING state, process has stayed up for > than 1 seconds (startsecs)
